<?xml version="1.0" encoding="UTF-8"?>
<!-- Generated by org.testng.reporters.JUnitReportReporter -->
<testsuite hostname="LAPTOP-L754054H" failures="0" tests="1" name="com.myproject1.testecases.WindowHandle" time="3.543" errors="0" timestamp="2023-06-24T17:01:15 IST" skipped="0">
  <testcase classname="com.myproject1.testecases.WindowHandle" name="windowHandle" time="3.543"/>
  <system-out/>
</testsuite> <!-- com.myproject1.testecases.WindowHandle -->
