<?xml version="1.0" encoding="UTF-8"?>
<!-- Generated by org.testng.reporters.JUnitReportReporter -->
<testsuite hostname="LAPTOP-L754054H" failures="0" tests="1" name="com.myproject1.testecases.CalendarHandle" time="18.242" errors="0" timestamp="2023-05-28T18:45:20 IST" skipped="0">
  <testcase classname="com.myproject1.testecases.CalendarHandle" name="calendarhandle" time="18.242"/>
  <system-out/>
</testsuite> <!-- com.myproject1.testecases.CalendarHandle -->
