<?xml version="1.0" encoding="UTF-8"?>
<!-- Generated by org.testng.reporters.JUnitReportReporter -->
<testsuite hostname="LAPTOP-L754054H" failures="0" tests="1" name="com.myproject1.testecases.HardAssertion" time="4.827" errors="0" timestamp="2023-05-27T19:17:35 IST" skipped="0">
  <testcase classname="com.myproject1.testecases.HardAssertion" name="hardassertion" time="4.827"/>
  <system-out/>
</testsuite> <!-- com.myproject1.testecases.HardAssertion -->
