<?xml version="1.0" encoding="UTF-8"?>
<!-- Generated by org.testng.reporters.JUnitReportReporter -->
<testsuite hostname="LAPTOP-L754054H" failures="0" tests="1" name="com.myproject1.testecases.ChomeBrowserNotifications" time="0.007" errors="0" timestamp="2023-06-11T13:02:36 IST" skipped="0">
  <testcase classname="com.myproject1.testecases.ChomeBrowserNotifications" name="chromeNotification" time="0.007"/>
  <system-out/>
</testsuite> <!-- com.myproject1.testecases.ChomeBrowserNotifications -->
