<?xml version="1.0" encoding="UTF-8"?>
<!-- Generated by org.testng.reporters.JUnitReportReporter -->
<testsuite hostname="LAPTOP-L754054H" failures="0" tests="1" name="com.myproject1.testecases.HandleDropDownSelect" time="12.788" errors="0" timestamp="2023-07-02T17:57:58 IST" skipped="0">
  <testcase classname="com.myproject1.testecases.HandleDropDownSelect" name="dropDownBySelectClass" time="12.788"/>
  <system-out/>
</testsuite> <!-- com.myproject1.testecases.HandleDropDownSelect -->
