<?xml version="1.0" encoding="UTF-8"?>
<!-- Generated by org.testng.reporters.JUnitReportReporter -->
<testsuite hostname="LAPTOP-L754054H" failures="0" tests="3" name="com.myproject1.testecases.Priority" time="0.013" errors="0" timestamp="2023-07-02T18:07:47 IST" skipped="0">
  <testcase classname="com.myproject1.testecases.Priority" name="Cmethod3" time="0.011"/>
  <system-out/>
  <testcase classname="com.myproject1.testecases.Priority" name="Bmethod2" time="0.001"/>
  <system-out/>
  <testcase classname="com.myproject1.testecases.Priority" name="Amethod1" time="0.001"/>
  <system-out/>
</testsuite> <!-- com.myproject1.testecases.Priority -->
