<?xml version="1.0" encoding="UTF-8"?>
<!-- Generated by org.testng.reporters.JUnitReportReporter -->
<testsuite hostname="LAPTOP-L754054H" failures="0" tests="3" name="com.myproject1.testecases.TC_ProductPageTest" time="86.539" errors="0" timestamp="2022-08-27T14:10:40 IST" skipped="1">
  <testcase classname="com.myproject1.testecases.TC_ProductPageTest" name="verifyBuyProduct" time="44.654"/>
  <system-out/>
  <testcase classname="com.myproject1.testecases.TC_ProductPageTest" name="verifyBuyProduct" time="41.885"/>
  <system-out/>
  <testcase classname="com.myproject1.testecases.TC_ProductPageTest" name="verifyAddToWishList">
    <skipped/>
  </testcase> <!-- verifyAddToWishList -->
  <system-out/>
</testsuite> <!-- com.myproject1.testecases.TC_ProductPageTest -->
