<?xml version="1.0" encoding="UTF-8"?>
<!-- Generated by org.testng.reporters.JUnitReportReporter -->
<testsuite hostname="LAPTOP-L754054H" failures="0" tests="3" name="com.myproject1.testecases.TC_MyAccountPage" time="16.682" errors="0" timestamp="2022-08-17T23:41:58 IST" skipped="2">
  <testcase classname="com.myproject1.testecases.TC_MyAccountPage" name="verifySignOut" time="16.682"/>
  <system-out/>
  <testcase classname="com.myproject1.testecases.TC_MyAccountPage" name="verifyLogin">
    <skipped/>
  </testcase> <!-- verifyLogin -->
  <system-out/>
  <testcase classname="com.myproject1.testecases.TC_MyAccountPage" name="verifyRegistrationAndLogin">
    <skipped/>
  </testcase> <!-- verifyRegistrationAndLogin -->
  <system-out/>
</testsuite> <!-- com.myproject1.testecases.TC_MyAccountPage -->
