<?xml version="1.0" encoding="UTF-8"?>
<!-- Generated by org.testng.reporters.JUnitReportReporter -->
<testsuite hostname="LAPTOP-L754054H" failures="0" tests="1" name="com.myproject1.testecases.AutosearchDropDown" time="5.529" errors="0" timestamp="2023-07-02T18:17:35 IST" skipped="0">
  <testcase classname="com.myproject1.testecases.AutosearchDropDown" name="autoSearch" time="5.529"/>
  <system-out/>
</testsuite> <!-- com.myproject1.testecases.AutosearchDropDown -->
