<?xml version="1.0" encoding="UTF-8"?>
<!-- Generated by org.testng.reporters.JUnitReportReporter -->
<testsuite hostname="LAPTOP-L754054H" failures="0" tests="1" name="com.myproject1.testecases.StaleElementReferenceException" time="7.776" errors="0" timestamp="2023-06-25T16:14:38 IST" skipped="0">
  <testcase classname="com.myproject1.testecases.StaleElementReferenceException" name="staleElementException" time="7.776"/>
  <system-out/>
</testsuite> <!-- com.myproject1.testecases.StaleElementReferenceException -->
