<?xml version="1.0" encoding="UTF-8"?>
<!-- Generated by org.testng.reporters.JUnitReportReporter -->
<testsuite hostname="LAPTOP-L754054H" failures="0" tests="3" name="com.myproject1.testecases.TC_ProductPageTest" time="76.356" errors="0" timestamp="2022-08-27T15:50:18 IST" skipped="1">
  <testcase classname="com.myproject1.testecases.TC_ProductPageTest" name="verifyBuyProduct" time="30.492"/>
  <system-out/>
  <testcase classname="com.myproject1.testecases.TC_ProductPageTest" name="verifyBuyProduct" time="45.864"/>
  <system-out/>
  <testcase classname="com.myproject1.testecases.TC_ProductPageTest" name="verifyAddToWishList">
    <skipped/>
  </testcase> <!-- verifyAddToWishList -->
  <system-out/>
</testsuite> <!-- com.myproject1.testecases.TC_ProductPageTest -->
